<html>
<head>
<title>TestNG:  Test</title>
<link href="../testng.css" rel="stylesheet" type="text/css" />
<link href="../my-testng.css" rel="stylesheet" type="text/css" />

<style type="text/css">
.log { display: none;} 
.stack-trace { display: none;} 
</style>
<script type="text/javascript">
<!--
function flip(e) {
  current = e.style.display;
  if (current == 'block') {
    e.style.display = 'none';
    return 0;
  }
  else {
    e.style.display = 'block';
    return 1;
  }
}

function toggleBox(szDivId, elem, msg1, msg2)
{
  var res = -1;  if (document.getElementById) {
    res = flip(document.getElementById(szDivId));
  }
  else if (document.all) {
    // this is the way old msie versions work
    res = flip(document.all[szDivId]);
  }
  if(elem) {
    if(res == 0) elem.innerHTML = msg1; else elem.innerHTML = msg2;
  }

}

function toggleAllBoxes() {
  if (document.getElementsByTagName) {
    d = document.getElementsByTagName('div');
    for (i = 0; i < d.length; i++) {
      if (d[i].className == 'log') {
        flip(d[i]);
      }
    }
  }
}

// -->
</script>

</head>
<body>
<h2 align='center'>Test</h2><table border='1' align="center">
<tr>
<td>Tests passed/Failed/Skipped:</td><td>25/0/1</td>
</tr><tr>
<td>Started on:</td><td>Wed May 28 13:01:57 IST 2025</td>
</tr>
<tr><td>Total time:</td><td>1681 seconds (1681041 ms)</td>
</tr><tr>
<td>Included groups:</td><td></td>
</tr><tr>
<td>Excluded groups:</td><td></td>
</tr>
</table><p/>
<small><i>(Hover the method name to see the test class name)</i></small><p/>
<table width='100%' border='1' class='invocation-passed'>
<tr><td colspan='4' align='center'><b>PASSED TESTS</b></td></tr>
<tr><td><b>Test method</b></td>
<td><b>Attribute(s)</b></td>
<td width="30%"><b>Exception</b></td>
<td width="10%"><b>Time (seconds)</b></td>
<td><b>Instance</b></td>
</tr>
<tr>
<td title='com.selenium.practice.test.productpage.ProductPageTestCases.productSearchBoxTestCase()'><b>productSearchBoxTestCase</b><br>Test class: com.selenium.practice.test.productpage.ProductPageTestCases<br>Parameters: Green Side Placket Detail T-Shirt</td>
<td></td>
<td>22</td>
<td>com.selenium.practice.test.productpage.ProductPageTestCases@4149c063</td></tr>
<tr>
<td title='com.selenium.practice.test.start_to_end.StartToEnd.endToEndTestCase()'><b>endToEndTestCase</b><br>Test class: com.selenium.practice.test.start_to_end.StartToEnd<br>Parameters: ivanka tame</td>
<td></td>
<td>90</td>
<td>com.selenium.practice.test.start_to_end.StartToEnd@311bf055</td></tr>
<tr>
<td title='com.selenium.practice.test.start_to_end.StartToEnd.tryingToOrderWithoutRegisteringTestCase()'><b>tryingToOrderWithoutRegisteringTestCase</b><br>Test class: com.selenium.practice.test.start_to_end.StartToEnd</td>
<td></td>
<td>125</td>
<td>com.selenium.practice.test.start_to_end.StartToEnd@311bf055</td></tr>
<tr>
<td title='com.selenium.practice.test.loginpage.LoginPageTestCases.logoutTestCase()'><b>logoutTestCase</b><br>Test class: com.selenium.practice.test.loginpage.LoginPageTestCases<br>Parameters: Glen Ramos</td>
<td></td>
<td>18</td>
<td>com.selenium.practice.test.loginpage.LoginPageTestCases@5852c06f</td></tr>
<tr>
<td title='com.selenium.practice.test.loginpage.LoginPageTestCases.signUpTestCase()'><b>signUpTestCase</b><br>Test class: com.selenium.practice.test.loginpage.LoginPageTestCases</td>
<td></td>
<td>81</td>
<td>com.selenium.practice.test.loginpage.LoginPageTestCases@5852c06f</td></tr>
<tr>
<td title='com.selenium.practice.test.cartpage.CartPageTestCases.verifyingProductQuantityTestCase()'><b>verifyingProductQuantityTestCase</b><br>Test class: com.selenium.practice.test.cartpage.CartPageTestCases</td>
<td></td>
<td>31</td>
<td>com.selenium.practice.test.cartpage.CartPageTestCases@18317edc</td></tr>
<tr>
<td title='com.selenium.practice.test.contactuspage.ContactUsPageTestCases.contactUsFormTestCase()'><b>contactUsFormTestCase</b><br>Test class: com.selenium.practice.test.contactuspage.ContactUsPageTestCases<br>Parameters: Glen Ramos</td>
<td></td>
<td>18</td>
<td>com.selenium.practice.test.contactuspage.ContactUsPageTestCases@238d68ff</td></tr>
<tr>
<td title='com.selenium.practice.test.loginpage.LoginPageTestCases.wrongCredentialSignInTestCase()'><b>wrongCredentialSignInTestCase</b><br>Test class: com.selenium.practice.test.loginpage.LoginPageTestCases<br>Parameters: Glen Ramos</td>
<td></td>
<td>3</td>
<td>com.selenium.practice.test.loginpage.LoginPageTestCases@5852c06f</td></tr>
<tr>
<td title='com.selenium.practice.test.checkoutpage.CheckOutPageTestCases.checkingUsersDetailsAfterSigningUpTestCase()'><b>checkingUsersDetailsAfterSigningUpTestCase</b><br>Test class: com.selenium.practice.test.checkoutpage.CheckOutPageTestCases</td>
<td></td>
<td>114</td>
<td>com.selenium.practice.test.checkoutpage.CheckOutPageTestCases@4e0ae11f</td></tr>
<tr>
<td title='com.selenium.practice.test.cartpage.CartPageTestCases.removingProductsFromCartTestCase()'><b>removingProductsFromCartTestCase</b><br>Test class: com.selenium.practice.test.cartpage.CartPageTestCases<br>Parameters: Madame Top For Women</td>
<td></td>
<td>48</td>
<td>com.selenium.practice.test.cartpage.CartPageTestCases@18317edc</td></tr>
<tr>
<td title='com.selenium.practice.test.homePage.HomePageTestCases.verifyingSubscriptionTestCase()'><b>verifyingSubscriptionTestCase</b><br>Test class: com.selenium.practice.test.homePage.HomePageTestCases<br>Parameters: Glen Ramos</td>
<td></td>
<td>5</td>
<td>com.selenium.practice.test.homePage.HomePageTestCases@4b86805d</td></tr>
<tr>
<td title='com.selenium.practice.test.start_to_end.StartToEnd.searchedProductsTestCase()'><b>searchedProductsTestCase</b><br>Test class: com.selenium.practice.test.start_to_end.StartToEnd<br>Parameters: ivanka tame</td>
<td></td>
<td>92</td>
<td>com.selenium.practice.test.start_to_end.StartToEnd@311bf055</td></tr>
<tr>
<td title='com.selenium.practice.test.cartpage.CartPageTestCases.subscriptionVerification()'><b>subscriptionVerification</b><br>Test class: com.selenium.practice.test.cartpage.CartPageTestCases<br>Parameters: Glen Ramos</td>
<td></td>
<td>7</td>
<td>com.selenium.practice.test.cartpage.CartPageTestCases@18317edc</td></tr>
<tr>
<td title='com.selenium.practice.test.productpage.ProductPageTestCases.viewProductTestCase()'><b>viewProductTestCase</b><br>Test class: com.selenium.practice.test.productpage.ProductPageTestCases</td>
<td></td>
<td>18</td>
<td>com.selenium.practice.test.productpage.ProductPageTestCases@4149c063</td></tr>
<tr>
<td title='com.selenium.practice.test.testcasespage.TestCasesPage_TestCases.pageLandingVerificationTestCase()'><b>pageLandingVerificationTestCase</b><br>Test class: com.selenium.practice.test.testcasespage.TestCasesPage_TestCases</td>
<td></td>
<td>8</td>
<td>com.selenium.practice.test.testcasespage.TestCasesPage_TestCases@9cb8225</td></tr>
<tr>
<td title='com.selenium.practice.test.productpage.ProductPageTestCases.writingReviewTestCase()'><b>writingReviewTestCase</b><br>Test class: com.selenium.practice.test.productpage.ProductPageTestCases<br>Parameters: Glen Ramos</td>
<td></td>
<td>23</td>
<td>com.selenium.practice.test.productpage.ProductPageTestCases@4149c063</td></tr>
<tr>
<td title='com.selenium.practice.test.loginpage.LoginPageTestCases.registeringWithExistingUserTestCase()'><b>registeringWithExistingUserTestCase</b><br>Test class: com.selenium.practice.test.loginpage.LoginPageTestCases<br>Parameters: Glen Ramos</td>
<td></td>
<td>10</td>
<td>com.selenium.practice.test.loginpage.LoginPageTestCases@5852c06f</td></tr>
<tr>
<td title='com.selenium.practice.test.homePage.HomePageTestCases.scrollingUpWithoutUpArrowButtonOnScreenTestCase()'><b>scrollingUpWithoutUpArrowButtonOnScreenTestCase</b><br>Test class: com.selenium.practice.test.homePage.HomePageTestCases</td>
<td></td>
<td>7</td>
<td>com.selenium.practice.test.homePage.HomePageTestCases@4b86805d</td></tr>
<tr>
<td title='com.selenium.practice.test.cartpage.CartPageTestCases.verfyingProductsInCart()'><b>verfyingProductsInCart</b><br>Test class: com.selenium.practice.test.cartpage.CartPageTestCases</td>
<td></td>
<td>43</td>
<td>com.selenium.practice.test.cartpage.CartPageTestCases@18317edc</td></tr>
<tr>
<td title='com.selenium.practice.test.start_to_end.StartToEnd.tryingToOrderAfterRegistering()'><b>tryingToOrderAfterRegistering</b><br>Test class: com.selenium.practice.test.start_to_end.StartToEnd</td>
<td></td>
<td>213</td>
<td>com.selenium.practice.test.start_to_end.StartToEnd@311bf055</td></tr>
<tr>
<td title='com.selenium.practice.test.checkoutpage.CheckOutPageTestCases.downloadingInvoiceAfterPurchase()'><b>downloadingInvoiceAfterPurchase</b><br>Test class: com.selenium.practice.test.checkoutpage.CheckOutPageTestCases</td>
<td></td>
<td>118</td>
<td>com.selenium.practice.test.checkoutpage.CheckOutPageTestCases@4e0ae11f</td></tr>
<tr>
<td title='com.selenium.practice.test.productpage.ProductPageTestCases.verifyingProductBrandCategorizationTestCase()'><b>verifyingProductBrandCategorizationTestCase</b><br>Test class: com.selenium.practice.test.productpage.ProductPageTestCases</td>
<td></td>
<td>88</td>
<td>com.selenium.practice.test.productpage.ProductPageTestCases@4149c063</td></tr>
<tr>
<td title='com.selenium.practice.test.loginpage.LoginPageTestCases.signInTestCase()'><b>signInTestCase</b><br>Test class: com.selenium.practice.test.loginpage.LoginPageTestCases<br>Parameters: Glen Ramos</td>
<td></td>
<td>26</td>
<td>com.selenium.practice.test.loginpage.LoginPageTestCases@5852c06f</td></tr>
<tr>
<td title='com.selenium.practice.test.homePage.HomePageTestCases.scrollingUpUsingUpArrowButtonOnScreenTestCase()'><b>scrollingUpUsingUpArrowButtonOnScreenTestCase</b><br>Test class: com.selenium.practice.test.homePage.HomePageTestCases</td>
<td></td>
<td>7</td>
<td>com.selenium.practice.test.homePage.HomePageTestCases@4b86805d</td></tr>
<tr>
<td title='com.selenium.practice.test.productpage.ProductPageTestCases.verifyingProductCategoriesTestCase()'><b>verifyingProductCategoriesTestCase</b><br>Test class: com.selenium.practice.test.productpage.ProductPageTestCases</td>
<td></td>
<td>26</td>
<td>com.selenium.practice.test.productpage.ProductPageTestCases@4149c063</td></tr>
</table><p>
<table width='100%' border='1' class='invocation-skipped'>
<tr><td colspan='4' align='center'><b>SKIPPED TESTS</b></td></tr>
<tr><td><b>Test method</b></td>
<td><b>Attribute(s)</b></td>
<td width="30%"><b>Exception</b></td>
<td width="10%"><b>Time (seconds)</b></td>
<td><b>Instance</b></td>
</tr>
<tr>
<td title='com.selenium.practice.test.start_to_end.StartToEnd.tryingToOrderAfterRegistering()'><b>tryingToOrderAfterRegistering</b><br>Test class: com.selenium.practice.test.start_to_end.StartToEnd</td>
<td><div><pre>org.openqa.selenium.ElementClickInterceptedException: element click intercepted: Element &lt;button class=&quot;form-control btn btn-primary submit-button&quot; data-qa=&quot;pay-button&quot; id=&quot;submit&quot; type=&quot;submit&quot;&gt;...&lt;/button&gt; is not clickable at point (760, 565). Other element would receive the click: &lt;iframe id=&quot;aswift_1&quot; name=&quot;aswift_1&quot; browsingtopics=&quot;true&quot; style=&quot;width: 1521px !important; height: 217px !important; display: block; margin: 0px auto;&quot; sandbox=&quot;allow-forms allow-popups allow-popups-to-escape-sandbox allow-same-origin allow-scripts allow-top-navigation-by-user-activation&quot; width=&quot;1521&quot; height=&quot;217&quot; frameborder=&quot;0&quot; marginwidth=&quot;0&quot; marginheight=&quot;0&quot; vspace=&quot;0&quot; hspace=&quot;0&quot; allowtransparency=&quot;true&quot; scrolling=&quot;no&quot; allow=&quot;attribution-reporting; run-ad-auction&quot; src=&quot;https://googleads.g.doubleclick.net/pagead/html/r20250522/r20190131/zrt_lookup_fy2021.html#RS-0-&amp;amp;adk=1812271801&amp;amp;client=ca-pub-1677597403311019&amp;amp;fa=1&amp;amp;ifi=2&amp;amp;uci=a!2&amp;amp;btvi=1&quot; data-google-container-id=&quot;a!2&quot; tabindex=&quot;0&quot; title=&quot;Advertisement&quot; aria-label=&quot;Advertisement&quot; data-google-query-id=&quot;COvdvfPTxY0DFaJLkQUdLXsX8A&quot; data-load-complete=&quot;true&quot;&gt;&lt;/iframe&gt;
  (Session info: chrome=137.0.7151.41)
Build info: version: &apos;4.31.0&apos;, revision: &apos;1ef9f18787*&apos;
System info: os.name: &apos;Windows 10&apos;, os.arch: &apos;amd64&apos;, os.version: &apos;10.0&apos;, java.version: &apos;21.0.5&apos;
Driver info: org.openqa.selenium.chrome.ChromeDriver
Command: [7dc4c9fb88d8588a43871e56cb906b83, clickElement {id=f.4A13A1D7766333E71AEB91D9CE616703.d.2844141BA3EA20202F96C9FB77F064EA.e.382}]
Capabilities {acceptInsecureCerts: false, browserName: chrome, browserVersion: 137.0.7151.41, chrome: {chromedriverVersion: 137.0.7151.55 (254bc711794d..., userDataDir: C:\Users\MRSha\AppData\Loca...}, fedcm:accounts: true, goog:chromeOptions: {debuggerAddress: localhost:51924}, networkConnectionEnabled: false, pageLoadStrategy: normal, platformName: windows, proxy: Proxy(), se:cdp: ws://localhost:51924/devtoo..., se:cdpVersion: 137.0.7151.41, setWindowRect: true, strictFileInteractability: false, timeouts: {implicit: 0, pageLoad: 300000, script: 30000}, unhandledPromptBehavior: dismiss and notify, webauthn:extension:credBlob: true, webauthn:extension:largeBlob: true, webauthn:extension:minPinLength: true, webauthn:extension:prf: true, webauthn:virtualAuthenticators: true}
Element: [[ChromeDriver: chrome on windows (7dc4c9fb88d8588a43871e56cb906b83)] -&gt; id: submit]
Session ID: 7dc4c9fb88d8588a43871e56cb906b83
	at org.openqa.selenium.remote.ErrorCodec.decode(ErrorCodec.java:167)
	at org.openqa.selenium.remote.codec.w3c.W3CHttpResponseCodec.decode(W3CHttpResponseCodec.java:138)
	at org.openqa.selenium.remote.codec.w3c.W3CHttpResponseCodec.decode(W3CHttpResponseCodec.java:50)
	at org.openqa.selenium.remote.HttpCommandExecutor.execute(HttpCommandExecutor.java:215)
	at org.openqa.selenium.remote.service.DriverCommandExecutor.invokeExecute(DriverCommandExecutor.java:216)
	at org.openqa.selenium.remote.service.DriverCommandExecutor.execute(DriverCommandExecutor.java:174)
	at org.openqa.selenium.remote.RemoteWebDriver.execute(RemoteWebDriver.java:545)
	at org.openqa.selenium.remote.RemoteWebElement.execute(RemoteWebElement.java:223)
	at org.openqa.selenium.remote.RemoteWebElement.click(RemoteWebElement.java:76)
	at org.openqa.selenium.support.pagefactory.internal.LocatingElementHandler.invoke(LocatingElementHandler.java:51)
	at jdk.proxy2/jdk.proxy2.$Proxy15.click(Unknown Source)
	at com.selenium.practice.test.payment.CardDetailsPage.enteringCardDetailsOfTempUser(CardDetailsPage.java:103)
	at com.selenium.practice.test.start_to_end.StartToEnd.tryingToOrderAfterRegistering(StartToEnd.java:84)
	at java.base/java.util.concurrent.Executors$RunnableAdapter.call(Executors.java:572)
	at java.base/java.util.concurrent.FutureTask.run(FutureTask.java:317)
	at java.base/java.util.concurrent.ThreadPoolExecutor.runWorker(ThreadPoolExecutor.java:1144)
	at java.base/java.util.concurrent.ThreadPoolExecutor$Worker.run(ThreadPoolExecutor.java:642)
	at java.base/java.lang.Thread.run(Thread.java:1583)
... Removed 16 stack frames</pre></div><a href='#' onClick='toggleBox("stack-trace546325453", this, "Click to show all stack frames", "Click to hide stack frames")'>Click to show all stack frames</a>
<div class='stack-trace' id='stack-trace546325453'><pre>org.openqa.selenium.ElementClickInterceptedException: element click intercepted: Element &lt;button class=&quot;form-control btn btn-primary submit-button&quot; data-qa=&quot;pay-button&quot; id=&quot;submit&quot; type=&quot;submit&quot;&gt;...&lt;/button&gt; is not clickable at point (760, 565). Other element would receive the click: &lt;iframe id=&quot;aswift_1&quot; name=&quot;aswift_1&quot; browsingtopics=&quot;true&quot; style=&quot;width: 1521px !important; height: 217px !important; display: block; margin: 0px auto;&quot; sandbox=&quot;allow-forms allow-popups allow-popups-to-escape-sandbox allow-same-origin allow-scripts allow-top-navigation-by-user-activation&quot; width=&quot;1521&quot; height=&quot;217&quot; frameborder=&quot;0&quot; marginwidth=&quot;0&quot; marginheight=&quot;0&quot; vspace=&quot;0&quot; hspace=&quot;0&quot; allowtransparency=&quot;true&quot; scrolling=&quot;no&quot; allow=&quot;attribution-reporting; run-ad-auction&quot; src=&quot;https://googleads.g.doubleclick.net/pagead/html/r20250522/r20190131/zrt_lookup_fy2021.html#RS-0-&amp;amp;adk=1812271801&amp;amp;client=ca-pub-1677597403311019&amp;amp;fa=1&amp;amp;ifi=2&amp;amp;uci=a!2&amp;amp;btvi=1&quot; data-google-container-id=&quot;a!2&quot; tabindex=&quot;0&quot; title=&quot;Advertisement&quot; aria-label=&quot;Advertisement&quot; data-google-query-id=&quot;COvdvfPTxY0DFaJLkQUdLXsX8A&quot; data-load-complete=&quot;true&quot;&gt;&lt;/iframe&gt;
  (Session info: chrome=137.0.7151.41)
Build info: version: &apos;4.31.0&apos;, revision: &apos;1ef9f18787*&apos;
System info: os.name: &apos;Windows 10&apos;, os.arch: &apos;amd64&apos;, os.version: &apos;10.0&apos;, java.version: &apos;21.0.5&apos;
Driver info: org.openqa.selenium.chrome.ChromeDriver
Command: [7dc4c9fb88d8588a43871e56cb906b83, clickElement {id=f.4A13A1D7766333E71AEB91D9CE616703.d.2844141BA3EA20202F96C9FB77F064EA.e.382}]
Capabilities {acceptInsecureCerts: false, browserName: chrome, browserVersion: 137.0.7151.41, chrome: {chromedriverVersion: 137.0.7151.55 (254bc711794d..., userDataDir: C:\Users\MRSha\AppData\Loca...}, fedcm:accounts: true, goog:chromeOptions: {debuggerAddress: localhost:51924}, networkConnectionEnabled: false, pageLoadStrategy: normal, platformName: windows, proxy: Proxy(), se:cdp: ws://localhost:51924/devtoo..., se:cdpVersion: 137.0.7151.41, setWindowRect: true, strictFileInteractability: false, timeouts: {implicit: 0, pageLoad: 300000, script: 30000}, unhandledPromptBehavior: dismiss and notify, webauthn:extension:credBlob: true, webauthn:extension:largeBlob: true, webauthn:extension:minPinLength: true, webauthn:extension:prf: true, webauthn:virtualAuthenticators: true}
Element: [[ChromeDriver: chrome on windows (7dc4c9fb88d8588a43871e56cb906b83)] -&gt; id: submit]
Session ID: 7dc4c9fb88d8588a43871e56cb906b83
	at java.base/jdk.internal.reflect.DirectConstructorHandleAccessor.newInstance(DirectConstructorHandleAccessor.java:62)
	at java.base/java.lang.reflect.Constructor.newInstanceWithCaller(Constructor.java:502)
	at java.base/java.lang.reflect.Constructor.newInstance(Constructor.java:486)
	at org.openqa.selenium.remote.ErrorCodec.decode(ErrorCodec.java:167)
	at org.openqa.selenium.remote.codec.w3c.W3CHttpResponseCodec.decode(W3CHttpResponseCodec.java:138)
	at org.openqa.selenium.remote.codec.w3c.W3CHttpResponseCodec.decode(W3CHttpResponseCodec.java:50)
	at org.openqa.selenium.remote.HttpCommandExecutor.execute(HttpCommandExecutor.java:215)
	at org.openqa.selenium.remote.service.DriverCommandExecutor.invokeExecute(DriverCommandExecutor.java:216)
	at org.openqa.selenium.remote.service.DriverCommandExecutor.execute(DriverCommandExecutor.java:174)
	at org.openqa.selenium.remote.RemoteWebDriver.execute(RemoteWebDriver.java:545)
	at org.openqa.selenium.remote.RemoteWebElement.execute(RemoteWebElement.java:223)
	at org.openqa.selenium.remote.RemoteWebElement.click(RemoteWebElement.java:76)
	at java.base/jdk.internal.reflect.DirectMethodHandleAccessor.invoke(DirectMethodHandleAccessor.java:103)
	at java.base/java.lang.reflect.Method.invoke(Method.java:580)
	at org.openqa.selenium.support.pagefactory.internal.LocatingElementHandler.invoke(LocatingElementHandler.java:51)
	at jdk.proxy2/jdk.proxy2.$Proxy15.click(Unknown Source)
	at com.selenium.practice.test.payment.CardDetailsPage.enteringCardDetailsOfTempUser(CardDetailsPage.java:103)
	at com.selenium.practice.test.start_to_end.StartToEnd.tryingToOrderAfterRegistering(StartToEnd.java:84)
	at java.base/jdk.internal.reflect.DirectMethodHandleAccessor.invoke(DirectMethodHandleAccessor.java:103)
	at java.base/java.lang.reflect.Method.invoke(Method.java:580)
	at org.testng.internal.invokers.MethodInvocationHelper.invokeMethod(MethodInvocationHelper.java:141)
	at org.testng.internal.invokers.TestInvoker.invokeMethod(TestInvoker.java:686)
	at org.testng.internal.invokers.TestInvoker.invokeTestMethod(TestInvoker.java:230)
	at org.testng.internal.invokers.MethodRunner.runInSequence(MethodRunner.java:63)
	at org.testng.internal.invokers.TestInvoker$MethodInvocationAgent.invoke(TestInvoker.java:992)
	at org.testng.internal.invokers.TestInvoker.invokeTestMethods(TestInvoker.java:203)
	at org.testng.internal.invokers.TestMethodWorker.invokeTestMethods(TestMethodWorker.java:154)
	at org.testng.internal.invokers.TestMethodWorker.run(TestMethodWorker.java:134)
	at java.base/java.util.concurrent.Executors$RunnableAdapter.call(Executors.java:572)
	at java.base/java.util.concurrent.FutureTask.run(FutureTask.java:317)
	at org.testng.internal.thread.graph.TestNGFutureTask.run(TestNGFutureTask.java:22)
	at java.base/java.util.concurrent.ThreadPoolExecutor.runWorker(ThreadPoolExecutor.java:1144)
	at java.base/java.util.concurrent.ThreadPoolExecutor$Worker.run(ThreadPoolExecutor.java:642)
	at java.base/java.lang.Thread.run(Thread.java:1583)
</pre></div></td>
<td>84</td>
<td>com.selenium.practice.test.start_to_end.StartToEnd@311bf055</td></tr>
</table><p>
</body>
</html>